proguard/seeds.txt
com.lzstudio.healthy.R$anim
com.lzstudio.healthy.R$anim: int number_animator
com.lzstudio.healthy.R$anim: int pic_enter_anim_alpha
com.lzstudio.healthy.R$anim: int slide_in_from_bottom
com.lzstudio.healthy.R$anim: int slide_in_from_top
com.lzstudio.healthy.R$anim: int slide_out_to_bottom
com.lzstudio.healthy.R$anim: int slide_out_to_top
com.lzstudio.healthy.R$anim: int umeng_fb_audio_play_anim
com.lzstudio.healthy.R$anim: int umeng_fb_dialog_enter_anim
com.lzstudio.healthy.R$anim: int umeng_fb_dialog_exit_anim
com.lzstudio.healthy.R$anim: int update_loading_progressbar_anim
com.lzstudio.healthy.R$array
com.lzstudio.healthy.R$array: int umeng_fb_contact_key_array
com.lzstudio.healthy.R$array: int umeng_fb_contact_type_array
com.lzstudio.healthy.R$array: int umeng_fb_tabs_title
com.lzstudio.healthy.R$attr
com.lzstudio.healthy.R$attr: int border_color
com.lzstudio.healthy.R$attr: int border_overlay
com.lzstudio.healthy.R$attr: int border_width
com.lzstudio.healthy.R$attr: int item_count
com.lzstudio.healthy.R$attr: int ptrAdapterViewBackground
com.lzstudio.healthy.R$attr: int ptrAnimationStyle
com.lzstudio.healthy.R$attr: int ptrDrawable
com.lzstudio.healthy.R$attr: int ptrDrawableBottom
com.lzstudio.healthy.R$attr: int ptrDrawableEnd
com.lzstudio.healthy.R$attr: int ptrDrawableStart
com.lzstudio.healthy.R$attr: int ptrDrawableTop
com.lzstudio.healthy.R$attr: int ptrHeaderBackground
com.lzstudio.healthy.R$attr: int ptrHeaderSubTextColor
com.lzstudio.healthy.R$attr: int ptrHeaderTextAppearance
com.lzstudio.healthy.R$attr: int ptrHeaderTextColor
com.lzstudio.healthy.R$attr: int ptrListViewExtrasEnabled
com.lzstudio.healthy.R$attr: int ptrMode
com.lzstudio.healthy.R$attr: int ptrOverScroll
com.lzstudio.healthy.R$attr: int ptrRefreshableViewBackground
com.lzstudio.healthy.R$attr: int ptrRotateDrawableWhilePulling
com.lzstudio.healthy.R$attr: int ptrScrollingWhileRefreshingEnabled
com.lzstudio.healthy.R$attr: int ptrShowIndicator
com.lzstudio.healthy.R$attr: int ptrSubHeaderTextAppearance
com.lzstudio.healthy.R$color
com.lzstudio.healthy.R$color: int bt_textColor
com.lzstudio.healthy.R$color: int list_view_bg
com.lzstudio.healthy.R$color: int listview_item_normal
com.lzstudio.healthy.R$color: int listview_item_pressed
com.lzstudio.healthy.R$color: int listview_press
com.lzstudio.healthy.R$color: int news_detail_bg
com.lzstudio.healthy.R$color: int news_item_has_read_textcolor
com.lzstudio.healthy.R$color: int news_item_no_read_textcolor
com.lzstudio.healthy.R$color: int news_time_color
com.lzstudio.healthy.R$color: int news_title_color
com.lzstudio.healthy.R$color: int setting_item_normal
com.lzstudio.healthy.R$color: int tab_indicator_bg
com.lzstudio.healthy.R$color: int umeng_fb_audo_dialog_bg
com.lzstudio.healthy.R$color: int umeng_fb_background
com.lzstudio.healthy.R$color: int umeng_fb_gray
com.lzstudio.healthy.R$color: int umeng_fb_lightblue
com.lzstudio.healthy.R$color: int umeng_fb_line
com.lzstudio.healthy.R$color: int umeng_fb_secondary_text_light
com.lzstudio.healthy.R$color: int umeng_fb_tab_bg_pressed
com.lzstudio.healthy.R$color: int umeng_fb_white
...
com.volley.tools.b.a.e.c.b.q
com.volley.tools.b.a.e.c.b.q: com.volley.tools.b.a.e.a.b.f a
com.volley.tools.b.a.e.c.b.q: com.volley.tools.b.a.e.c.b.p b
com.volley.tools.b.a.e.c.b.q: q(com.volley.tools.b.a.e.c.b.p,com.volley.tools.b.a.e.a.b.f)
com.volley.tools.b.a.e.c.b.q: void run()
com.volley.tools.b.a.e.c.b.r
com.volley.tools.b.a.e.c.b.r: r()
com.volley.tools.b.a.e.c.b.r: org.json.JSONObject a(com.volley.tools.b.a.e.a.b.h,com.volley.tools.b.a.e.a.b.f,org.json.JSONObject)
com.volley.tools.b.a.e.c.b.s
com.volley.tools.b.a.e.c.b.s: android.content.Context a
com.volley.tools.b.a.e.c.b.s: com.volley.tools.b.a.e.g.h b
com.volley.tools.b.a.e.c.b.s: com.volley.tools.b.a.e.c.b.r c
com.volley.tools.b.a.e.c.b.s: s(com.volley.tools.b.a.e.c.b.r,android.content.Context,com.volley.tools.b.a.e.g.h)
com.volley.tools.b.a.e.c.b.s: void run()
com.volley.tools.b.a.e.c.b.t
com.volley.tools.b.a.e.c.b.t: t()
com.volley.tools.b.a.e.c.b.t: org.json.JSONObject a(com.volley.tools.b.a.e.a.b.h,com.volley.tools.b.a.e.a.b.f,org.json.JSONObject)
com.volley.tools.b.a.e.c.b.u
com.volley.tools.b.a.e.c.b.u: int[] a
com.volley.tools.b.a.e.c.b.u: void <clinit>()
com.volley.tools.b.a.e.c.c.a
com.volley.tools.b.a.e.c.c.a: a()
com.volley.tools.b.a.e.c.c.a: org.json.JSONObject a(com.volley.tools.b.a.e.a.b.h,com.volley.tools.b.a.e.a.b.f,org.json.JSONObject)
com.volley.tools.b.a.e.c.c.b
com.volley.tools.b.a.e.c.c.b: b()
com.volley.tools.b.a.e.c.c.b: org.json.JSONObject a(com.volley.tools.b.a.e.a.b.h,com.volley.tools.b.a.e.a.b.f,org.json.JSONObject)
com.volley.tools.b.a.e.c.c.c
com.volley.tools.b.a.e.c.c.c: c()
com.volley.tools.b.a.e.c.c.c: org.json.JSONObject a(com.volley.tools.b.a.e.a.b.h,com.volley.tools.b.a.e.a.b.f,org.json.JSONObject)
com.volley.tools.b.a.e.c.c.d
com.volley.tools.b.a.e.c.c.d: d()
com.volley.tools.b.a.e.c.c.d: org.json.JSONObject a(com.volley.tools.b.a.e.a.b.h,com.volley.tools.b.a.e.a.b.f,org.json.JSONObject)
com.volley.tools.b.a.e.c.d.a
com.volley.tools.b.a.e.c.d.a: a()
com.volley.tools.b.a.e.c.d.a: org.json.JSONObject a(com.volley.tools.b.a.e.a.b.h,com.volley.tools.b.a.e.a.b.f)
com.volley.tools.b.a.e.c.d.b
com.volley.tools.b.a.e.c.d.b: b()
com.volley.tools.b.a.e.c.d.b: org.json.JSONObject a(com.volley.tools.b.a.e.a.b.h,com.volley.tools.b.a.e.a.b.f)
com.volley.tools.b.a.e.c.e.a
com.volley.tools.b.a.e.c.e.a: a()
com.volley.tools.b.a.e.c.e.a: org.json.JSONObject a(com.volley.tools.b.a.e.a.b.h,com.volley.tools.b.a.e.a.b.f)
com.volley.tools.b.a.e.c.e.b
com.volley.tools.b.a.e.c.e.b: b()
com.volley.tools.b.a.e.c.e.b: org.json.JSONObject a(com.volley.tools.b.a.e.a.b.h,com.volley.tools.b.a.e.a.b.f,org.json.JSONObject)
com.volley.tools.b.a.e.c.e.c
com.volley.tools.b.a.e.c.e.c: c()
com.volley.tools.b.a.e.c.e.c: org.json.JSONObject a(com.volley.tools.b.a.e.a.b.h,com.volley.tools.b.a.e.a.b.f,org.json.JSONObject)
com.volley.tools.b.a.e.c.e.d
com.volley.tools.b.a.e.c.e.d: d()
com.volley.tools.b.a.e.c.e.d: org.json.JSONObject a(com.volley.tools.b.a.e.a.b.h,com.volley.tools.b.a.e.a.b.f,org.json.JSONObject)
com.volley.tools.b.a.e.c.e.e
com.volley.tools.b.a.e.c.e.e: e()
com.volley.tools.b.a.e.c.e.e: org.json.JSONObject a(com.volley.tools.b.a.e.a.b.h,com.volley.tools.b.a.e.a.b.f,org.json.JSONObject)
com.volley.tools.b.a.e.c.f.a
com.volley.tools.b.a.e.c.f.a: a()
com.volley.tools.b.a.e.c.f.a: org.json.JSONObject a(com.volley.tools.b.a.e.a.b.h,com.volley.tools.b.a.e.a.b.f,org.json.JSONObject)
com.volley.tools.b.a.e.c.f.b
com.volley.tools.b.a.e.c.f.b: android.content.Context a
com.volley.tools.b.a.e.c.f.b: java.lang.String b
com.volley.tools.b.a.e.c.f.b: int c
com.volley.tools.b.a.e.c.f.b: com.volley.tools.b.a.e.c.f.a d
com.volley.tools.b.a.e.c.f.b: b(com.volley.tools.b.a.e.c.f.a,android.content.Context,java.lang.String,int)
com.volley.tools.b.a.e.c.f.b: void run()
com.volley.tools.b.a.e.c.f.c
com.volley.tools.b.a.e.c.f.c: c()
com.volley.tools.b.a.e.c.f.c: org.json.JSONObject a(com.volley.tools.b.a.e.a.b.h,com.volley.tools.b.a.e.a.b.f,org.json.JSONObject)