proguard/mapping.txt
com.lzstudio.healthy.R -> com.lzstudio.healthy.R:
com.lzstudio.healthy.R$anim -> com.lzstudio.healthy.R$anim:
    int number_animator -> number_animator
    int pic_enter_anim_alpha -> pic_enter_anim_alpha
    int slide_in_from_bottom -> slide_in_from_bottom
    int slide_in_from_top -> slide_in_from_top
    int slide_out_to_bottom -> slide_out_to_bottom
    int slide_out_to_top -> slide_out_to_top
    int umeng_fb_audio_play_anim -> umeng_fb_audio_play_anim
    int umeng_fb_dialog_enter_anim -> umeng_fb_dialog_enter_anim
    int umeng_fb_dialog_exit_anim -> umeng_fb_dialog_exit_anim
    int update_loading_progressbar_anim -> update_loading_progressbar_anim
com.lzstudio.healthy.R$array -> com.lzstudio.healthy.R$array:
    int umeng_fb_contact_key_array -> umeng_fb_contact_key_array
    int umeng_fb_contact_type_array -> umeng_fb_contact_type_array
    int umeng_fb_tabs_title -> umeng_fb_tabs_title
com.lzstudio.healthy.R$attr -> com.lzstudio.healthy.R$attr:
    int border_color -> border_color
    int border_overlay -> border_overlay
    int border_width -> border_width
    int item_count -> item_count
    int ptrAdapterViewBackground -> ptrAdapterViewBackground
    int ptrAnimationStyle -> ptrAnimationStyle
    int ptrDrawable -> ptrDrawable
    int ptrDrawableBottom -> ptrDrawableBottom
    int ptrDrawableEnd -> ptrDrawableEnd
    int ptrDrawableStart -> ptrDrawableStart
    int ptrDrawableTop -> ptrDrawableTop
    int ptrHeaderBackground -> ptrHeaderBackground
    int ptrHeaderSubTextColor -> ptrHeaderSubTextColor
    int ptrHeaderTextAppearance -> ptrHeaderTextAppearance
    int ptrHeaderTextColor -> ptrHeaderTextColor
    int ptrListViewExtrasEnabled -> ptrListViewExtrasEnabled
    int ptrMode -> ptrMode
    int ptrOverScroll -> ptrOverScroll
    int ptrRefreshableViewBackground -> ptrRefreshableViewBackground
    int ptrRotateDrawableWhilePulling -> ptrRotateDrawableWhilePulling
    int ptrScrollingWhileRefreshingEnabled -> ptrScrollingWhileRefreshingEnabled
    int ptrShowIndicator -> ptrShowIndicator
    int ptrSubHeaderTextAppearance -> ptrSubHeaderTextAppearance
com.lzstudio.healthy.R$color -> com.lzstudio.healthy.R$color:
    int bt_textColor -> bt_textColor
    int list_view_bg -> list_view_bg
    int listview_item_normal -> listview_item_normal
    int listview_item_pressed -> listview_item_pressed
    int listview_press -> listview_press
    int news_detail_bg -> news_detail_bg
    int news_item_has_read_textcolor -> news_item_has_read_textcolor
    int news_item_no_read_textcolor -> news_item_no_read_textcolor
    int news_time_color -> news_time_color
    int news_title_color -> news_title_color
    int setting_item_normal -> setting_item_normal
    int tab_indicator_bg -> tab_indicator_bg
    int umeng_fb_audo_dialog_bg -> umeng_fb_audo_dialog_bg
    int umeng_fb_background -> umeng_fb_background
    int umeng_fb_gray -> umeng_fb_gray
    int umeng_fb_lightblue -> umeng_fb_lightblue
    int umeng_fb_line -> umeng_fb_line
    int umeng_fb_secondary_text_light -> umeng_fb_secondary_text_light
    int umeng_fb_tab_bg_pressed -> umeng_fb_tab_bg_pressed
    int umeng_fb_white -> umeng_fb_white
...
com.mob.tools.network.ProgressCallback -> com.mob.tools.network.ProgressCallback:
    void onProgress(long,long) -> onProgress
com.mob.tools.network.RawNetworkCallback -> com.mob.tools.network.RawNetworkCallback:
    void onResponse(java.io.InputStream) -> onResponse
com.mob.tools.network.SSLSocketFactoryEx -> com.mob.tools.network.SSLSocketFactoryEx:
    javax.net.ssl.SSLContext sslContext -> sslContext
    java.net.Socket createSocket(java.net.Socket,java.lang.String,int,boolean) -> createSocket
    java.net.Socket createSocket() -> createSocket
com.mob.tools.network.SSLSocketFactoryEx$1 -> com.mob.tools.network.SSLSocketFactoryEx$1:
    com.mob.tools.network.SSLSocketFactoryEx this$0 -> this$0
    java.security.cert.X509Certificate[] getAcceptedIssuers() -> getAcceptedIssuers
    void checkClientTrusted(java.security.cert.X509Certificate[],java.lang.String) -> checkClientTrusted
    void checkServerTrusted(java.security.cert.X509Certificate[],java.lang.String) -> checkServerTrusted
com.mob.tools.network.StringPart -> com.mob.tools.network.StringPart:
    java.lang.StringBuilder sb -> sb
    com.mob.tools.network.StringPart append(java.lang.String) -> append
    java.io.InputStream getInputStream() -> getInputStream
    java.lang.String toString() -> toString
    long length() -> length
com.mob.tools.utils.BitmapHelper -> com.mob.tools.utils.BitmapHelper:
    android.graphics.Bitmap getBitmap(java.lang.String,int) -> getBitmap
    android.graphics.Bitmap getBitmap(java.io.File,int) -> getBitmap
    android.graphics.Bitmap getBitmap(java.io.InputStream,int) -> getBitmap
    android.graphics.Bitmap getBitmap(java.lang.String) -> getBitmap
    android.graphics.Bitmap getBitmap(android.content.Context,java.lang.String) -> getBitmap
    java.lang.String downloadBitmap(android.content.Context,java.lang.String) -> downloadBitmap
    java.lang.String saveViewToImage(android.view.View) -> saveViewToImage
    java.lang.String saveViewToImage(android.view.View,int,int) -> saveViewToImage
    android.graphics.Bitmap captureView(android.view.View,int,int) -> captureView
    android.graphics.Bitmap blur(android.graphics.Bitmap,int,int) -> blur
    android.graphics.Bitmap blur(android.graphics.Bitmap,int,boolean) -> blur
    android.graphics.Bitmap roundBitmap(android.graphics.Bitmap,int,int,float,float,float,float) -> roundBitmap
    int[] fixRect(int[],int[]) -> fixRect
    int[] fixRect_2(int[],int[]) -> fixRect_2
    java.lang.String saveBitmap(android.content.Context,android.graphics.Bitmap,android.graphics.Bitmap$CompressFormat,int) -> saveBitmap
    java.lang.String saveBitmap(android.content.Context,android.graphics.Bitmap) -> saveBitmap
    android.graphics.Bitmap$CompressFormat getBmpFormat(byte[]) -> getBmpFormat