proguard/usage.txt
com.lzstudio.healthy.BuildConfig
com.lzstudio.healthy.R:
    10:10:public R()
com.lzstudio.healthy.activity.BaseActivity:
    private static final java.lang.String TAG
com.lzstudio.healthy.activity.ChooseCityActivity:
    private static final java.lang.String TAG
com.lzstudio.healthy.activity.SettingActivity:
    private static final int PIC_IMG
com.lzstudio.healthy.bean.BaseModle:
    private static final long serialVersionUID
com.lzstudio.healthy.bean.CityItem:
    30:31:public void setNickName(java.lang.String)
com.lzstudio.healthy.bean.Colums:
    14:14:public int getId()
com.lzstudio.healthy.bean.NewsDetailModle:
    private static final long serialVersionUID
com.lzstudio.healthy.bean.NewsModle:
    private static final long serialVersionUID
com.lzstudio.healthy.bean.Run:
    private static final long serialVersionUID
com.lzstudio.healthy.bean.User:
    private java.lang.String password
    private float height
    private float weight
    private int points
    46:46:public int getPoints()
    50:51:public void setPoints(int)
    70:70:public java.lang.String getPassword()
    74:75:public void setPassword(java.lang.String)
    86:86:public int getAge()
    94:94:public java.lang.String getSex()
    102:102:public float getHeight()
    106:107:public void setHeight(float)
    110:110:public float getWeight()
    114:115:public void setWeight(float)
com.lzstudio.healthy.bean.WeatherModle:
    private static final long serialVersionUID
com.lzstudio.healthy.dao.CityData:
    20:20:public CityData()
com.lzstudio.healthy.fragment.BaseFragment:
    private static final int NO_NETWORK
    private static final int IS_REFRESH
    private static final int IS_UP_REFRESH
com.lzstudio.healthy.fragment.RankFragment:
    private static final int NO_NETWORK
    private static final int IS_REFRESH
    private static final int IS_UP_REFRESH
com.lzstudio.healthy.fragment.RunListFragment:
    private static final int NO_NETWORK
    private static final int IS_REFRESH
com.lzstudio.healthy.fragment.ValidateFragment:
    private static final int BT_CANNOT_CLICK
    private static final int VALIDATE_SUCCESS
    private static final int VALIDATE_FAILED
com.lzstudio.healthy.fragment.WeatherFragment:
    public static final int REQUEST_CODE
    private static final int GET_MESSAGE_SUCCESS
com.lzstudio.healthy.http.HttpClientUtils:
    565:589:public void chaxunjifenJson(com.lzstudio.healthy.http.ResponseData,java.lang.String,java.lang.String)
com.lzstudio.healthy.http.HttpClientUtils$15
com.lzstudio.healthy.http.HttpClientUtils$NewInstance:
    22:22:HttpClientUtils$NewInstance()
com.lzstudio.healthy.http.Url
com.lzstudio.healthy.http.VolleyUtils:
    19:19:public VolleyUtils()
com.lzstudio.healthy.http.json.ColumsParser
com.lzstudio.healthy.http.json.JsonPacket:
    35:35:protected android.content.Context getContext()
    62:66:public static int getInt(java.lang.String,org.json.JSONObject)
    76:80:public static double getDouble(java.lang.String,org.json.JSONObject)
com.lzstudio.healthy.http.json.NewsDetailParser$Instance:
    14:14:NewsDetailParser$Instance()
com.lzstudio.healthy.http.json.NewsParser$Seed:
    18:18:NewsParser$Seed()
...
android.support.v4.net.ConnectivityManagerCompatJellyBean
android.support.v4.net.TrafficStatsCompat
android.support.v4.net.TrafficStatsCompat$1
android.support.v4.net.TrafficStatsCompat$BaseTrafficStatsCompatImpl
android.support.v4.net.TrafficStatsCompat$BaseTrafficStatsCompatImpl$1
android.support.v4.net.TrafficStatsCompat$BaseTrafficStatsCompatImpl$SocketTags
android.support.v4.net.TrafficStatsCompat$IcsTrafficStatsCompatImpl
android.support.v4.net.TrafficStatsCompat$TrafficStatsCompatImpl
android.support.v4.net.TrafficStatsCompatIcs
android.support.v4.os.AsyncTaskCompat
android.support.v4.os.AsyncTaskCompatHoneycomb
android.support.v4.os.EnvironmentCompat
android.support.v4.os.EnvironmentCompatKitKat
android.support.v4.os.ParcelableCompat:
    26:42:public ParcelableCompat()
android.support.v4.os.ParcelableCompatCreatorHoneycombMR2Stub:
    22:22:ParcelableCompatCreatorHoneycombMR2Stub()
android.support.v4.print.PrintHelper
android.support.v4.print.PrintHelper$1
android.support.v4.print.PrintHelper$OnPrintFinishCallback
android.support.v4.print.PrintHelper$PrintHelperKitkatImpl
android.support.v4.print.PrintHelper$PrintHelperKitkatImpl$1
android.support.v4.print.PrintHelper$PrintHelperKitkatImpl$2
android.support.v4.print.PrintHelper$PrintHelperStubImpl
android.support.v4.print.PrintHelper$PrintHelperVersionImpl
android.support.v4.print.PrintHelperKitkat
android.support.v4.print.PrintHelperKitkat$1
android.support.v4.print.PrintHelperKitkat$2
android.support.v4.print.PrintHelperKitkat$2$1
android.support.v4.print.PrintHelperKitkat$2$1$1
android.support.v4.print.PrintHelperKitkat$OnPrintFinishCallback
android.support.v4.provider.DocumentFile
android.support.v4.provider.DocumentsContractApi19
android.support.v4.provider.DocumentsContractApi21
android.support.v4.provider.RawDocumentFile
android.support.v4.provider.SingleDocumentFile
android.support.v4.provider.TreeDocumentFile
android.support.v4.speech.tts.TextToSpeechICS
android.support.v4.speech.tts.TextToSpeechICSMR1
android.support.v4.speech.tts.TextToSpeechICSMR1$1
android.support.v4.speech.tts.TextToSpeechICSMR1$2
android.support.v4.speech.tts.TextToSpeechICSMR1$UtteranceProgressListenerICSMR1
android.support.v4.text.BidiFormatter
android.support.v4.text.BidiFormatter$1
android.support.v4.text.BidiFormatter$Builder
android.support.v4.text.BidiFormatter$DirectionalityEstimator
android.support.v4.text.ICUCompat
android.support.v4.text.ICUCompat$ICUCompatImpl
android.support.v4.text.ICUCompat$ICUCompatImplBase
android.support.v4.text.ICUCompat$ICUCompatImplIcs
android.support.v4.text.ICUCompatIcs
android.support.v4.text.TextDirectionHeuristicCompat
android.support.v4.text.TextDirectionHeuristicsCompat
android.support.v4.text.TextDirectionHeuristicsCompat$1
android.support.v4.text.TextDirectionHeuristicsCompat$AnyStrong
android.support.v4.text.TextDirectionHeuristicsCompat$FirstStrong
android.support.v4.text.TextDirectionHeuristicsCompat$TextDirectionAlgorithm
android.support.v4.text.TextDirectionHeuristicsCompat$TextDirectionHeuristicImpl
android.support.v4.text.TextDirectionHeuristicsCompat$TextDirectionHeuristicInternal
android.support.v4.text.TextDirectionHeuristicsCompat$TextDirectionHeuristicLocale
android.support.v4.text.TextUtilsCompat
android.support.v4.util.ArrayMap:
    61:62:public ArrayMap(int)
    68:69:public ArrayMap(android.support.v4.util.SimpleArrayMap)
    130:130:public boolean containsAll(java.util.Collection)
    151:151:public boolean removeAll(java.util.Collection)
android.support.v4.util.AtomicFile
android.support.v4.util.CircularArray
android.support.v4.util.ContainerHelpers:
    19:19:ContainerHelpers()
    29:29:public static int idealLongArraySize(int)
    65:80:static int binarySearch(long[],int,long)
android.support.v4.util.DebugUtils:
    25:25:public DebugUtils()
android.support.v4.util.LongSparseArray